Build started 02/05/2014 23:14:39.
     1>Project "H:\gammaforce\plutclient\src\steam_api\steam_api.vcxproj" on node 2 (Build target(s)).
       Project file contains ToolsVersion="12.0". This toolset may be unknown or missing, in which case you may be able to resolve this by installing the appropriate version of MSBuild, or the build may have been forced to a particular ToolsVersion for policy reasons. Treating the project as if it had ToolsVersion="4.0". For more information, please see http://go.microsoft.com/fwlink/?LinkId=291333.
     1>ClCompile:
         C:\Program Files (x86)\Microsoft Visual Studio 11.0\VC\bin\CL.exe /c /ZI /nologo /W3 /WX- /sdl /Od /Oy- /D WIN32 /D _DEBUG /D _WINDOWS /D _USRDLL /D STEAM_API_EXPORTS /D _WINDLL /D _UNICODE /D UNICODE /Gm /EHsc /RTC1 /MDd /GS /fp:precise /Zc:wchar_t /Zc:forScope /Fo"Debug\\" /Fd"Debug\vc110.pdb" /Gd /TP /analyze- /errorReport:prompt CSteamUtils005.cpp
         CSteamUtils005.cpp
       Link:
         C:\Program Files (x86)\Microsoft Visual Studio 11.0\VC\bin\link.exe /ERRORREPORT:PROMPT /OUT:"H:\gammaforce\plutclient\src\\..\build\steam_api.dll" /INCREMENTAL /NOLOGO kernel32.lib user32.lib gdi32.lib winspool.lib comdlg32.lib advapi32.lib shell32.lib ole32.lib oleaut32.lib uuid.lib odbc32.lib odbccp32.lib /MANIFEST /MANIFESTUAC:"level='asInvoker' uiAccess='false'" /manifest:embed /DEBUG /PDB:"H:\gammaforce\plutclient\src\\..\build\steam_api.pdb" /SUBSYSTEM:WINDOWS /TLBID:1 /DYNAMICBASE /NXCOMPAT /IMPLIB:"H:\gammaforce\plutclient\src\\..\build\steam_api.lib" /MACHINE:X86 /DLL Debug\CallbacksManager.obj
         Debug\CSteamApps004.obj
         Debug\CSteamFriends009.obj
         Debug\CSteamMatchmaking008.obj
         Debug\CSteamMatchmakingServers002.obj
         Debug\CSteamNetworking005.obj
         Debug\CSteamRemoteStorage004.obj
         Debug\CSteamUser016.obj
         Debug\CSteamUtils005.obj
         Debug\IniReader.obj
         Debug\IniWriter.obj
         Debug\stdafx.obj
         Debug\SteamAPI_Interfaces.obj
         Debug\SteamAPI_Main.obj
         Debug\SteamAPI_Callbacks.obj
         Debug\SteamAPI_GameServer.obj
         steam_api.vcxproj -> H:\gammaforce\plutclient\src\\..\build\steam_api.dll
       PostBuildEvent:
         copy /y "H:\gammaforce\plutclient\src\\..\build\steam_api.dll" "C:\Program Files (x86)\Steam\SteamApps\common\Call of Duty Modern Warfare 3\steam_api.dll"
         :VCEnd
                 1 file(s) copied.
     1>Done Building Project "H:\gammaforce\plutclient\src\steam_api\steam_api.vcxproj" (Build target(s)).

Build succeeded.

Time Elapsed 00:00:07.32
