H:\GAMMAFORCE\PLUTCLIENT\SRC\STEAM_API\DEBUG\CSTEAMAPPS004.OBJ
H:\GAMMAFORCE\PLUTCLIENT\SRC\STEAM_API\DEBUG\CALLBACKSMANAGER.OBJ
H:\GAMMAFORCE\PLUTCLIENT\SRC\STEAM_API\DEBUG\STEAMAPI_CALLBACKS.OBJ
H:\GAMMAFORCE\PLUTCLIENT\SRC\STEAM_API\DEBUG\STEAMAPI_GAMESERVER.OBJ
H:\GAMMAFORCE\PLUTCLIENT\SRC\STEAM_API\DEBUG\STEAMAPI_MAIN.OBJ
H:\GAMMAFORCE\PLUTCLIENT\SRC\STEAM_API\DEBUG\VC110.PDB
H:\GAMMAFORCE\PLUTCLIENT\SRC\STEAM_API\DEBUG\CSTEAMFRIENDS009.OBJ
H:\GAMMAFORCE\PLUTCLIENT\SRC\STEAM_API\DEBUG\CSTEAMMATCHMAKING008.OBJ
H:\GAMMAFORCE\PLUTCLIENT\SRC\STEAM_API\DEBUG\CSTEAMMATCHMAKINGSERVERS002.OBJ
H:\GAMMAFORCE\PLUTCLIENT\SRC\STEAM_API\DEBUG\CSTEAMNETWORKING005.OBJ
H:\GAMMAFORCE\PLUTCLIENT\SRC\STEAM_API\DEBUG\CSTEAMREMOTESTORAGE004.OBJ
H:\GAMMAFORCE\PLUTCLIENT\SRC\STEAM_API\DEBUG\CSTEAMUSER016.OBJ
H:\GAMMAFORCE\PLUTCLIENT\SRC\STEAM_API\DEBUG\CSTEAMUTILS005.OBJ
H:\GAMMAFORCE\PLUTCLIENT\SRC\STEAM_API\DEBUG\STEAMAPI_INTERFACES.OBJ
H:\GAMMAFORCE\PLUTCLIENT\BUILD\STEAM_API.ILK
H:\GAMMAFORCE\PLUTCLIENT\BUILD\STEAM_API.DLL
H:\GAMMAFORCE\PLUTCLIENT\BUILD\STEAM_API.PDB
H:\gammaforce\plutclient\build\steam_api.lib
H:\gammaforce\plutclient\build\steam_api.exp
H:\gammaforce\plutclient\src\steam_api\Debug\CallbacksManager.obj
H:\gammaforce\plutclient\src\steam_api\Debug\CSteamApps004.obj
H:\gammaforce\plutclient\src\steam_api\Debug\CSteamFriends009.obj
H:\gammaforce\plutclient\src\steam_api\Debug\CSteamMatchmaking008.obj
H:\gammaforce\plutclient\src\steam_api\Debug\CSteamMatchmakingServers002.obj
H:\gammaforce\plutclient\src\steam_api\Debug\CSteamNetworking005.obj
H:\gammaforce\plutclient\src\steam_api\Debug\CSteamRemoteStorage004.obj
H:\gammaforce\plutclient\src\steam_api\Debug\CSteamUser016.obj
H:\gammaforce\plutclient\src\steam_api\Debug\CSteamUtils005.obj
H:\gammaforce\plutclient\src\steam_api\Debug\SteamAPI_Callbacks.obj
H:\gammaforce\plutclient\src\steam_api\Debug\SteamAPI_GameServer.obj
H:\gammaforce\plutclient\src\steam_api\Debug\SteamAPI_Interfaces.obj
H:\gammaforce\plutclient\src\steam_api\Debug\SteamAPI_Main.obj
H:\gammaforce\plutclient\src\steam_api\Debug\cl.command.1.tlog
H:\gammaforce\plutclient\src\steam_api\Debug\CL.read.1.tlog
H:\gammaforce\plutclient\src\steam_api\Debug\CL.write.1.tlog
H:\gammaforce\plutclient\src\steam_api\Debug\link-cvtres.read.1.tlog
H:\gammaforce\plutclient\src\steam_api\Debug\link-cvtres.write.1.tlog
H:\gammaforce\plutclient\src\steam_api\Debug\link-rc.read.1.tlog
H:\gammaforce\plutclient\src\steam_api\Debug\link-rc.write.1.tlog
H:\gammaforce\plutclient\src\steam_api\Debug\link.command.1.tlog
H:\gammaforce\plutclient\src\steam_api\Debug\link.read.1.tlog
H:\gammaforce\plutclient\src\steam_api\Debug\link.write.1.tlog
H:\gammaforce\plutclient\src\steam_api\Debug\steam_api.write.1.tlog
H:\gammaforce\plutclient\src\steam_api\Debug\vc110.idb
H:\gammaforce\plutclient\src\steam_api\Debug\vc110.pdb
H:\gammaforce\plutclient\src\\..\build\steam_api.pdb
H:\gammaforce\plutclient\src\\..\build\steam_api.dll
H:\gammaforce\plutclient\src\\..\build\steam_api.ilk
